<?xml version="1.0" encoding="UTF-8"?>
<testng-results ignored="0" total="4" passed="4" failed="0" skipped="0">
  <reporter-output>
  </reporter-output>
  <suite started-at="2026-05-10T17:26:52 MST" name="Suite" finished-at="2026-05-10T17:27:12 MST" duration-ms="20511">
    <groups>
    </groups>
    <test started-at="2026-05-10T17:26:52 MST" name="ChromeTest" finished-at="2026-05-10T17:27:03 MST" duration-ms="10975">
      <class name="test.LoginTest">
        <test-method is-config="true" signature="browserInit(java.lang.String)[pri:0, instance:test.LoginTest@5e3f861]" started-at="2026-05-10T17:26:52 MST" name="browserInit" finished-at="2026-05-10T17:26:54 MST" duration-ms="1926" status="PASS">
          <params>
            <param index="0">
              <value>
                <![CDATA[chrome]]>
              </value>
            </param>
          </params>
          <reporter-output>
          </reporter-output>
        </test-method> <!-- browserInit -->
        <test-method signature="validLogin(java.util.Map)[pri:0, instance:test.LoginTest@5e3f861]" started-at="2026-05-10T17:26:54 MST" name="validLogin" data-provider="getdata" finished-at="2026-05-10T17:26:58 MST" duration-ms="3827" status="PASS">
          <params>
            <param index="0">
              <value>
                <![CDATA[{email=Savi321@gmail.com, password=Savitha!23}]]>
              </value>
            </param>
          </params>
          <reporter-output>
          </reporter-output>
        </test-method> <!-- validLogin -->
        <test-method is-config="true" signature="browserInit(java.lang.String)[pri:0, instance:test.LoginTest@5e3f861]" started-at="2026-05-10T17:26:58 MST" name="browserInit" finished-at="2026-05-10T17:26:59 MST" duration-ms="1431" status="PASS">
          <params>
            <param index="0">
              <value>
                <![CDATA[chrome]]>
              </value>
            </param>
          </params>
          <reporter-output>
          </reporter-output>
        </test-method> <!-- browserInit -->
        <test-method signature="validLogin(java.util.Map)[pri:0, instance:test.LoginTest@5e3f861]" started-at="2026-05-10T17:26:59 MST" name="validLogin" data-provider="getdata" finished-at="2026-05-10T17:27:03 MST" duration-ms="3603" status="PASS">
          <params>
            <param index="0">
              <value>
                <![CDATA[{email=jags123@gmail.com, password=Jagan!2345}]]>
              </value>
            </param>
          </params>
          <reporter-output>
          </reporter-output>
        </test-method> <!-- validLogin -->
      </class> <!-- test.LoginTest -->
    </test> <!-- ChromeTest -->
    <test started-at="2026-05-10T17:26:52 MST" name="FirefoxTest" finished-at="2026-05-10T17:27:12 MST" duration-ms="20511">
      <class name="test.LoginTest">
        <test-method is-config="true" signature="browserInit(java.lang.String)[pri:0, instance:test.LoginTest@19b843ba]" started-at="2026-05-10T17:26:52 MST" name="browserInit" finished-at="2026-05-10T17:26:57 MST" duration-ms="5252" status="PASS">
          <params>
            <param index="0">
              <value>
                <![CDATA[firefox]]>
              </value>
            </param>
          </params>
          <reporter-output>
          </reporter-output>
        </test-method> <!-- browserInit -->
        <test-method signature="validLogin(java.util.Map)[pri:0, instance:test.LoginTest@19b843ba]" started-at="2026-05-10T17:26:57 MST" name="validLogin" data-provider="getdata" finished-at="2026-05-10T17:27:01 MST" duration-ms="4028" status="PASS">
          <params>
            <param index="0">
              <value>
                <![CDATA[{email=Savi321@gmail.com, password=Savitha!23}]]>
              </value>
            </param>
          </params>
          <reporter-output>
          </reporter-output>
        </test-method> <!-- validLogin -->
        <test-method is-config="true" signature="browserInit(java.lang.String)[pri:0, instance:test.LoginTest@19b843ba]" started-at="2026-05-10T17:27:01 MST" name="browserInit" finished-at="2026-05-10T17:27:05 MST" duration-ms="4173" status="PASS">
          <params>
            <param index="0">
              <value>
                <![CDATA[firefox]]>
              </value>
            </param>
          </params>
          <reporter-output>
          </reporter-output>
        </test-method> <!-- browserInit -->
        <test-method signature="validLogin(java.util.Map)[pri:0, instance:test.LoginTest@19b843ba]" started-at="2026-05-10T17:27:05 MST" name="validLogin" data-provider="getdata" finished-at="2026-05-10T17:27:12 MST" duration-ms="6875" status="PASS">
          <params>
            <param index="0">
              <value>
                <![CDATA[{email=jags123@gmail.com, password=Jagan!2345}]]>
              </value>
            </param>
          </params>
          <reporter-output>
          </reporter-output>
        </test-method> <!-- validLogin -->
      </class> <!-- test.LoginTest -->
    </test> <!-- FirefoxTest -->
  </suite> <!-- Suite -->
</testng-results>
