<?xml version="1.0" encoding="UTF-8"?>
<!-- Generated by org.testng.reporters.JUnitReportReporter -->
<testsuite hostname="Savi" failures="0" tests="4" name="test.LoginTest" time="31.115" errors="0" timestamp="2026-05-10T17:27:12 MST" skipped="0">
  <testcase classname="test.LoginTest" name="validLogin" time="9.280"/>
  <testcase classname="test.LoginTest" name="validLogin" time="11.048"/>
  <testcase classname="test.LoginTest" name="validLogin" time="5.753"/>
  <testcase classname="test.LoginTest" name="validLogin" time="5.034"/>
</testsuite> <!-- test.LoginTest -->
