<?xml version="1.0" encoding="UTF-8"?>
<!-- Generated by org.testng.reporters.JUnitReportReporter -->
<testsuite hostname="Savi" failures="0" tests="2" name="com.org.seleniumown.Selpractise.test" time="8.811" errors="0" timestamp="2026-05-05T10:05:20 MST" skipped="0">
  <testcase classname="com.org.seleniumown.Selpractise.test" name="login" time="4.236"/>
  <testcase classname="com.org.seleniumown.Selpractise.test" name="login" time="4.575"/>
</testsuite> <!-- com.org.seleniumown.Selpractise.test -->
